<?xml version="1.0" encoding="UTF-8"?>
<testsuite name="com.userregistration.UserRegistrationTest" tests="1" skipped="0" failures="0" errors="0" timestamp="2021-08-10T09:10:01" hostname="DESKTOP-ELVPKES" time="0.051">
  <properties/>
  <testcase name="givenFirstName_WhenFirstNameCapital_ShouldReturnTrue()" classname="com.userregistration.UserRegistrationTest" time="0.051"/>
  <system-out><![CDATA[]]></system-out>
  <system-err><![CDATA[]]></system-err>
</testsuite>
